<?xml version="1.0" encoding="UTF-8"?>
<!-- Generated by org.testng.reporters.JUnitXMLReporter -->
<testsuite ignored="1" hostname="DESKTOP-JF7R1C2" failures="0" tests="1" name="Default test" time="5.864" errors="0" timestamp="2026-02-03T13:49:33 IST">
  <testcase classname="com.qa.api.scehma.tests.GoRestApiSchemaTest" name="createUserAPISchemaTest" time="5.042"/>
  <testcase classname="com.qa.api.scehma.tests.GoRestApiSchemaTest" name="getUsersAPISchemaTest" time="0.0">
    <ignored/>
  </testcase> <!-- getUsersAPISchemaTest -->
</testsuite> <!-- Default test -->
