<?xml version="1.0" encoding="UTF-8"?>
<!-- Generated by org.testng.reporters.JUnitReportReporter -->
<testsuite hostname="DESKTOP-JF7R1C2" failures="0" tests="2" name="com.qa.api.gorest.tests.CreateUserTest" time="13.802" errors="0" timestamp="2026-02-03T12:51:18 IST" skipped="0">
  <testcase classname="com.qa.api.gorest.tests.CreateUserTest" name="createUserByUserJsonFileTest" time="4.384"/>
  <system-out/>
  <testcase classname="com.qa.api.gorest.tests.CreateUserTest" name="createUserByUserLombokTest" time="9.418"/>
  <system-out/>
</testsuite> <!-- com.qa.api.gorest.tests.CreateUserTest -->
